<?xml version="1.0" encoding="UTF-8"?>
<!-- Generated by org.testng.reporters.JUnitXMLReporter -->
<testsuite ignored="1" hostname="DESKTOP-QGMKBOH" failures="0" tests="1" name="Default test" time="6.926" errors="0" timestamp="2025-10-25T14:08:58 IST">
  <testcase classname="com.letcode.testcases.ButtonPageTest" name="verifyFindLocationButton" time="0.528"/>
  <testcase classname="com.letcode.testcases.ButtonPageTest" name="VerifyGotoHomepageButton" time="0.0">
    <ignored/>
  </testcase> <!-- VerifyGotoHomepageButton -->
</testsuite> <!-- Default test -->
