<?xml version="1.0" encoding="UTF-8"?>
<!-- Generated by org.testng.reporters.JUnitXMLReporter -->
<testsuite ignored="4" hostname="DESKTOP-QGMKBOH" failures="0" tests="1" name="Default test" time="7.09" errors="0" timestamp="2025-10-25T16:39:50 IST">
  <testcase classname="com.letcode.testcases.ButtonPageTest" name="VerifyOnlyTheHeightofTheButton" time="0.575"/>
  <testcase classname="com.letcode.testcases.ButtonPageTest" name="VerifyFindLocationButtonTest" time="0.0">
    <ignored/>
  </testcase> <!-- VerifyFindLocationButtonTest -->
  <testcase classname="com.letcode.testcases.ButtonPageTest" name="VerifyTheButtonWidthAndHeight" time="0.0">
    <ignored/>
  </testcase> <!-- VerifyTheButtonWidthAndHeight -->
  <testcase classname="com.letcode.testcases.ButtonPageTest" name="VerifyGotoHomepageButtonTest" time="0.0">
    <ignored/>
  </testcase> <!-- VerifyGotoHomepageButtonTest -->
  <testcase classname="com.letcode.testcases.ButtonPageTest" name="VerifyButtonColorTest" time="0.0">
    <ignored/>
  </testcase> <!-- VerifyButtonColorTest -->
</testsuite> <!-- Default test -->
