<?xml version="1.0" encoding="UTF-8"?>
<!-- Generated by org.testng.reporters.JUnitXMLReporter -->
<testsuite ignored="0" hostname="DESKTOP-QGMKBOH" failures="0" tests="14" name="LetCode Regression Test" time="65.02" errors="0" timestamp="2025-10-24T11:17:55 IST">
  <testcase classname="com.letcode.testcases.InputPageTest" name="FirstTextBoxInputTest" time="0.878"/>
  <testcase classname="com.letcode.testcases.InputPageTest" name="SecondTextBoxInputTest" time="1.098"/>
  <testcase classname="com.letcode.testcases.InputPageTest" name="Verifythetextinsidethirdbox" time="0.77"/>
  <testcase classname="com.letcode.testcases.InputPageTest" name="VerifyTextClearTest" time="0.647"/>
  <testcase classname="com.letcode.testcases.InputPageTest" name="VerifyTheTextBoxIsEnabled" time="0.92"/>
  <testcase classname="com.letcode.testcases.InputPageTest" name="TwoTextBoxInputTest" time="1.936"/>
  <testcase classname="com.letcode.testcases.InputPageTest" name="TwoTextBoxInputTest" time="1.052"/>
  <testcase classname="com.letcode.testcases.InputPageTest" name="TwoTextBoxInputTest" time="1.171"/>
  <testcase classname="com.letcode.testcases.HomePageTests" name="ValidatePageCurrentUrlTest" time="0.015"/>
  <testcase classname="com.letcode.testcases.HomePageTests" name="ValidatePageHeadingTest" time="0.051"/>
  <testcase classname="com.letcode.testcases.HomePageTests" name="ValidatingPageTitleTest" time="0.015"/>
  <testcase classname="com.letcode.testcases.LoginTest" name="LoginWithValidCredentialsTest" time="2.42"/>
  <testcase classname="com.letcode.testcases.LoginTest" name="LoginWithInvalidCredentialsTest" time="1.584"/>
  <testcase classname="com.letcode.testcases.LoginTest" name="LetcodeLogoVisiblity" time="0.044"/>
</testsuite> <!-- LetCode Regression Test -->
