<?xml version="1.0" encoding="UTF-8"?>
<!-- Generated by org.testng.reporters.JUnitXMLReporter -->
<testsuite ignored="0" hostname="DESKTOP-QGMKBOH" failures="0" tests="15" name="LetCode Regression Test" time="91.966" errors="0" timestamp="2025-10-24T18:59:36 IST">
  <testcase classname="com.letcode.testcases.InputPageTest" name="FirstTextBoxInputTest" time="1.247"/>
  <testcase classname="com.letcode.testcases.InputPageTest" name="SecondTextBoxInputTest" time="0.87"/>
  <testcase classname="com.letcode.testcases.InputPageTest" name="Verifythetextinsidethirdbox" time="0.548"/>
  <testcase classname="com.letcode.testcases.InputPageTest" name="VerifyTextClearTest" time="0.911"/>
  <testcase classname="com.letcode.testcases.InputPageTest" name="VerifyTheTextBoxIsEnabled" time="0.795"/>
  <testcase classname="com.letcode.testcases.InputPageTest" name="TwoTextBoxInputTest" time="0.898"/>
  <testcase classname="com.letcode.testcases.InputPageTest" name="TwoTextBoxInputTest" time="1.091"/>
  <testcase classname="com.letcode.testcases.InputPageTest" name="TwoTextBoxInputTest" time="0.864"/>
  <testcase classname="com.letcode.testcases.HomePageTests" name="ValidatePageCurrentUrlTest" time="0.015"/>
  <testcase classname="com.letcode.testcases.HomePageTests" name="ValidatePageHeadingTest" time="0.1"/>
  <testcase classname="com.letcode.testcases.HomePageTests" name="ValidatingPageTitleTest" time="0.016"/>
  <testcase classname="com.letcode.testcases.LoginTest" name="LoginWithValidCredentialsTest" time="20.991">
    <skipped/>
  </testcase> <!-- LoginWithValidCredentialsTest -->
  <testcase classname="com.letcode.testcases.LoginTest" name="LoginWithValidCredentialsTest" time="2.623"/>
  <testcase classname="com.letcode.testcases.LoginTest" name="LoginWithInvalidCredentialsTest" time="2.846"/>
  <testcase classname="com.letcode.testcases.LoginTest" name="LetcodeLogoVisiblity" time="0.05"/>
</testsuite> <!-- LetCode Regression Test -->
