<?xml version="1.0" encoding="UTF-8"?>
<!-- Generated by org.testng.reporters.JUnitXMLReporter -->
<testsuite ignored="0" hostname="DESKTOP-QGMKBOH" failures="0" tests="14" name="LetCode Regression Test" time="87.973" errors="0" timestamp="2025-10-24T12:15:29 IST">
  <testcase classname="com.letcode.testcases.InputPageTest" name="FirstTextBoxInputTest" time="1.667"/>
  <testcase classname="com.letcode.testcases.InputPageTest" name="SecondTextBoxInputTest" time="1.405"/>
  <testcase classname="com.letcode.testcases.InputPageTest" name="Verifythetextinsidethirdbox" time="0.548"/>
  <testcase classname="com.letcode.testcases.InputPageTest" name="VerifyTextClearTest" time="1.226"/>
  <testcase classname="com.letcode.testcases.InputPageTest" name="VerifyTheTextBoxIsEnabled" time="0.629"/>
  <testcase classname="com.letcode.testcases.InputPageTest" name="TwoTextBoxInputTest" time="1.002"/>
  <testcase classname="com.letcode.testcases.InputPageTest" name="TwoTextBoxInputTest" time="2.226"/>
  <testcase classname="com.letcode.testcases.InputPageTest" name="TwoTextBoxInputTest" time="0.977"/>
  <testcase classname="com.letcode.testcases.HomePageTests" name="ValidatePageCurrentUrlTest" time="0.005"/>
  <testcase classname="com.letcode.testcases.HomePageTests" name="ValidatePageHeadingTest" time="0.063"/>
  <testcase classname="com.letcode.testcases.HomePageTests" name="ValidatingPageTitleTest" time="0.023"/>
  <testcase classname="com.letcode.testcases.LoginTest" name="LoginWithValidCredentialsTest" time="4.274"/>
  <testcase classname="com.letcode.testcases.LoginTest" name="LoginWithInvalidCredentialsTest" time="2.166"/>
  <testcase classname="com.letcode.testcases.LoginTest" name="LetcodeLogoVisiblity" time="0.103"/>
</testsuite> <!-- LetCode Regression Test -->
