<?xml version="1.0" encoding="UTF-8"?>
<testsuite xmlns:xsi="http://www.w3.org/2001/XMLSchema-instance" xsi:noNamespaceSchemaLocation="https://maven.apache.org/surefire/maven-surefire-plugin/xsd/surefire-test-report-3.0.xsd" version="3.0" name="TestSuite" time="112.019" tests="14" errors="0" skipped="0" failures="0">
  <properties>
[...]
</properties>
  <testcase name="FirstTextBoxInputTest" classname="com.letcode.testcases.InputPageTest" time="1.096">
    <system-out><![CDATA[Trying to click: [[ChromeDriver: chrome on windows (af2b382a9ea5610e89c7470da67be5e2)] -> xpath: //a[@class='navbar-item' and contains(text(),'Work-Space')]]
Clicked on: [[ChromeDriver: chrome on windows (af2b382a9ea5610e89c7470da67be5e2)] -> xpath: //a[@class='navbar-item' and contains(text(),'Work-Space')]]
Trying to click: [[ChromeDriver: chrome on windows (af2b382a9ea5610e89c7470da67be5e2)] -> xpath: //a[contains(@class,'card-footer-item') and contains(text(),'Edit')]]
Clicked on: [[ChromeDriver: chrome on windows (af2b382a9ea5610e89c7470da67be5e2)] -> xpath: //a[contains(@class,'card-footer-item') and contains(text(),'Edit')]]
]]></system-out>
    <system-err><![CDATA[[main] INFO io.github.bonigarcia.wdm.WebDriverManager - Using chromedriver 141.0.7390.122 (resolved driver for Chrome 141)
[main] INFO io.github.bonigarcia.wdm.WebDriverManager - Exporting webdriver.chrome.driver as C:\Users\dell\.cache\selenium\chromedriver\win64\141.0.7390.122\chromedriver.exe
Oct 24, 2025 7:28:22 PM org.openqa.selenium.devtools.CdpVersionFinder findNearestMatch
WARNING: Unable to find an exact match for CDP version 141, returning the closest version; found: 139; Please update to a Selenium version that supports CDP version 141
]]></system-err>
  </testcase>
  <testcase name="SecondTextBoxInputTest" classname="com.letcode.testcases.InputPageTest" time="0.933">
    <system-out><![CDATA[Trying to click: [[ChromeDriver: chrome on windows (c667b95344c1297267f7bc7c699df30a)] -> xpath: //a[@class='navbar-item' and contains(text(),'Work-Space')]]
Clicked on: [[ChromeDriver: chrome on windows (c667b95344c1297267f7bc7c699df30a)] -> xpath: //a[@class='navbar-item' and contains(text(),'Work-Space')]]
Trying to click: [[ChromeDriver: chrome on windows (c667b95344c1297267f7bc7c699df30a)] -> xpath: //a[contains(@class,'card-footer-item') and contains(text(),'Edit')]]
Clicked on: [[ChromeDriver: chrome on windows (c667b95344c1297267f7bc7c699df30a)] -> xpath: //a[contains(@class,'card-footer-item') and contains(text(),'Edit')]]
]]></system-out>
    <system-err><![CDATA[[main] INFO io.github.bonigarcia.wdm.WebDriverManager - Using chromedriver 141.0.7390.122 (resolved driver for Chrome 141)
[main] INFO io.github.bonigarcia.wdm.WebDriverManager - Exporting webdriver.chrome.driver as C:\Users\dell\.cache\selenium\chromedriver\win64\141.0.7390.122\chromedriver.exe
Oct 24, 2025 7:28:28 PM org.openqa.selenium.devtools.CdpVersionFinder findNearestMatch
WARNING: Unable to find an exact match for CDP version 141, returning the closest version; found: 139; Please update to a Selenium version that supports CDP version 141
]]></system-err>
  </testcase>
  <testcase name="Verifythetextinsidethirdbox" classname="com.letcode.testcases.InputPageTest" time="1.4">
    <system-out><![CDATA[Trying to click: [[ChromeDriver: chrome on windows (2b012fbcf26e3722d495f2e510b878c7)] -> xpath: //a[@class='navbar-item' and contains(text(),'Work-Space')]]
Clicked on: [[ChromeDriver: chrome on windows (2b012fbcf26e3722d495f2e510b878c7)] -> xpath: //a[@class='navbar-item' and contains(text(),'Work-Space')]]
Trying to click: [[ChromeDriver: chrome on windows (2b012fbcf26e3722d495f2e510b878c7)] -> xpath: //a[contains(@class,'card-footer-item') and contains(text(),'Edit')]]
Clicked on: [[ChromeDriver: chrome on windows (2b012fbcf26e3722d495f2e510b878c7)] -> xpath: //a[contains(@class,'card-footer-item') and contains(text(),'Edit')]]
]]></system-out>
    <system-err><![CDATA[[main] INFO io.github.bonigarcia.wdm.WebDriverManager - Using chromedriver 141.0.7390.122 (resolved driver for Chrome 141)
[main] INFO io.github.bonigarcia.wdm.WebDriverManager - Exporting webdriver.chrome.driver as C:\Users\dell\.cache\selenium\chromedriver\win64\141.0.7390.122\chromedriver.exe
Oct 24, 2025 7:28:33 PM org.openqa.selenium.devtools.CdpVersionFinder findNearestMatch
WARNING: Unable to find an exact match for CDP version 141, returning the closest version; found: 139; Please update to a Selenium version that supports CDP version 141
]]></system-err>
  </testcase>
  <testcase name="VerifyTextClearTest" classname="com.letcode.testcases.InputPageTest" time="0.592">
    <system-out><![CDATA[Trying to click: [[ChromeDriver: chrome on windows (e1c983c9b6405995f7f9b86da06c03b2)] -> xpath: //a[@class='navbar-item' and contains(text(),'Work-Space')]]
Clicked on: [[ChromeDriver: chrome on windows (e1c983c9b6405995f7f9b86da06c03b2)] -> xpath: //a[@class='navbar-item' and contains(text(),'Work-Space')]]
Trying to click: [[ChromeDriver: chrome on windows (e1c983c9b6405995f7f9b86da06c03b2)] -> xpath: //a[contains(@class,'card-footer-item') and contains(text(),'Edit')]]
Clicked on: [[ChromeDriver: chrome on windows (e1c983c9b6405995f7f9b86da06c03b2)] -> xpath: //a[contains(@class,'card-footer-item') and contains(text(),'Edit')]]
]]></system-out>
    <system-err><![CDATA[[main] INFO io.github.bonigarcia.wdm.WebDriverManager - Using chromedriver 141.0.7390.122 (resolved driver for Chrome 141)
[main] INFO io.github.bonigarcia.wdm.WebDriverManager - Exporting webdriver.chrome.driver as C:\Users\dell\.cache\selenium\chromedriver\win64\141.0.7390.122\chromedriver.exe
Oct 24, 2025 7:28:45 PM org.openqa.selenium.devtools.CdpVersionFinder findNearestMatch
WARNING: Unable to find an exact match for CDP version 141, returning the closest version; found: 139; Please update to a Selenium version that supports CDP version 141
]]></system-err>
  </testcase>
  <testcase name="VerifyTheTextBoxIsEnabled" classname="com.letcode.testcases.InputPageTest" time="0.744">
    <system-out><![CDATA[Trying to click: [[ChromeDriver: chrome on windows (b04f6f2184717519b9726ada76045c0b)] -> xpath: //a[@class='navbar-item' and contains(text(),'Work-Space')]]
Clicked on: [[ChromeDriver: chrome on windows (b04f6f2184717519b9726ada76045c0b)] -> xpath: //a[@class='navbar-item' and contains(text(),'Work-Space')]]
Trying to click: [[ChromeDriver: chrome on windows (b04f6f2184717519b9726ada76045c0b)] -> xpath: //a[contains(@class,'card-footer-item') and contains(text(),'Edit')]]
Clicked on: [[ChromeDriver: chrome on windows (b04f6f2184717519b9726ada76045c0b)] -> xpath: //a[contains(@class,'card-footer-item') and contains(text(),'Edit')]]
]]></system-out>
    <system-err><![CDATA[[main] INFO io.github.bonigarcia.wdm.WebDriverManager - Using chromedriver 141.0.7390.122 (resolved driver for Chrome 141)
[main] INFO io.github.bonigarcia.wdm.WebDriverManager - Exporting webdriver.chrome.driver as C:\Users\dell\.cache\selenium\chromedriver\win64\141.0.7390.122\chromedriver.exe
Oct 24, 2025 7:29:06 PM org.openqa.selenium.devtools.CdpVersionFinder findNearestMatch
WARNING: Unable to find an exact match for CDP version 141, returning the closest version; found: 139; Please update to a Selenium version that supports CDP version 141
]]></system-err>
  </testcase>
  <testcase name="TwoTextBoxInputTest[Karthik Balasburamanian,   Human Being](1)" classname="com.letcode.testcases.InputPageTest" time="1.881">
    <system-out><![CDATA[Trying to click: [[ChromeDriver: chrome on windows (c7337b3d013e62c2596e164c8e6477b9)] -> xpath: //a[@class='navbar-item' and contains(text(),'Work-Space')]]
Clicked on: [[ChromeDriver: chrome on windows (c7337b3d013e62c2596e164c8e6477b9)] -> xpath: //a[@class='navbar-item' and contains(text(),'Work-Space')]]
Trying to click: [[ChromeDriver: chrome on windows (c7337b3d013e62c2596e164c8e6477b9)] -> xpath: //a[contains(@class,'card-footer-item') and contains(text(),'Edit')]]
Clicked on: [[ChromeDriver: chrome on windows (c7337b3d013e62c2596e164c8e6477b9)] -> xpath: //a[contains(@class,'card-footer-item') and contains(text(),'Edit')]]
]]></system-out>
    <system-err><![CDATA[ERROR StatusLogger Log4j2 could not find a logging implementation. Please add log4j-core to the classpath. Using SimpleLogger to log to the console...
[main] INFO io.github.bonigarcia.wdm.WebDriverManager - Using chromedriver 141.0.7390.122 (resolved driver for Chrome 141)
[main] INFO io.github.bonigarcia.wdm.WebDriverManager - Exporting webdriver.chrome.driver as C:\Users\dell\.cache\selenium\chromedriver\win64\141.0.7390.122\chromedriver.exe
Oct 24, 2025 7:29:13 PM org.openqa.selenium.devtools.CdpVersionFinder findNearestMatch
WARNING: Unable to find an exact match for CDP version 141, returning the closest version; found: 139; Please update to a Selenium version that supports CDP version 141
]]></system-err>
  </testcase>
  <testcase name="TwoTextBoxInputTest[Nageswari Karthik,   Mother](2)" classname="com.letcode.testcases.InputPageTest" time="1.272">
    <system-out><![CDATA[Trying to click: [[ChromeDriver: chrome on windows (dfa1d8c7870c22a1f9342d0f2d27c9a0)] -> xpath: //a[@class='navbar-item' and contains(text(),'Work-Space')]]
Clicked on: [[ChromeDriver: chrome on windows (dfa1d8c7870c22a1f9342d0f2d27c9a0)] -> xpath: //a[@class='navbar-item' and contains(text(),'Work-Space')]]
Trying to click: [[ChromeDriver: chrome on windows (dfa1d8c7870c22a1f9342d0f2d27c9a0)] -> xpath: //a[contains(@class,'card-footer-item') and contains(text(),'Edit')]]
Clicked on: [[ChromeDriver: chrome on windows (dfa1d8c7870c22a1f9342d0f2d27c9a0)] -> xpath: //a[contains(@class,'card-footer-item') and contains(text(),'Edit')]]
]]></system-out>
    <system-err><![CDATA[[main] INFO io.github.bonigarcia.wdm.WebDriverManager - Using chromedriver 141.0.7390.122 (resolved driver for Chrome 141)
[main] INFO io.github.bonigarcia.wdm.WebDriverManager - Exporting webdriver.chrome.driver as C:\Users\dell\.cache\selenium\chromedriver\win64\141.0.7390.122\chromedriver.exe
Oct 24, 2025 7:29:19 PM org.openqa.selenium.devtools.CdpVersionFinder findNearestMatch
WARNING: Unable to find an exact match for CDP version 141, returning the closest version; found: 139; Please update to a Selenium version that supports CDP version 141
]]></system-err>
  </testcase>
  <testcase name="TwoTextBoxInputTest[Nyraa Pandi Karthik,  Daughter](3)" classname="com.letcode.testcases.InputPageTest" time="0.816">
    <system-out><![CDATA[Trying to click: [[ChromeDriver: chrome on windows (96bf3b9b4dfe7110fb4b8c68efe7d3b0)] -> xpath: //a[@class='navbar-item' and contains(text(),'Work-Space')]]
Clicked on: [[ChromeDriver: chrome on windows (96bf3b9b4dfe7110fb4b8c68efe7d3b0)] -> xpath: //a[@class='navbar-item' and contains(text(),'Work-Space')]]
Trying to click: [[ChromeDriver: chrome on windows (96bf3b9b4dfe7110fb4b8c68efe7d3b0)] -> xpath: //a[contains(@class,'card-footer-item') and contains(text(),'Edit')]]
Clicked on: [[ChromeDriver: chrome on windows (96bf3b9b4dfe7110fb4b8c68efe7d3b0)] -> xpath: //a[contains(@class,'card-footer-item') and contains(text(),'Edit')]]
]]></system-out>
    <system-err><![CDATA[[main] INFO io.github.bonigarcia.wdm.WebDriverManager - Using chromedriver 141.0.7390.122 (resolved driver for Chrome 141)
[main] INFO io.github.bonigarcia.wdm.WebDriverManager - Exporting webdriver.chrome.driver as C:\Users\dell\.cache\selenium\chromedriver\win64\141.0.7390.122\chromedriver.exe
Oct 24, 2025 7:29:24 PM org.openqa.selenium.devtools.CdpVersionFinder findNearestMatch
WARNING: Unable to find an exact match for CDP version 141, returning the closest version; found: 139; Please update to a Selenium version that supports CDP version 141
]]></system-err>
  </testcase>
  <testcase name="ValidatePageCurrentUrlTest" classname="com.letcode.testcases.HomePageTests" time="0.005">
    <system-err><![CDATA[[main] INFO io.github.bonigarcia.wdm.WebDriverManager - Using chromedriver 141.0.7390.122 (resolved driver for Chrome 141)
[main] INFO io.github.bonigarcia.wdm.WebDriverManager - Exporting webdriver.chrome.driver as C:\Users\dell\.cache\selenium\chromedriver\win64\141.0.7390.122\chromedriver.exe
Oct 24, 2025 7:29:28 PM org.openqa.selenium.devtools.CdpVersionFinder findNearestMatch
WARNING: Unable to find an exact match for CDP version 141, returning the closest version; found: 139; Please update to a Selenium version that supports CDP version 141
]]></system-err>
  </testcase>
  <testcase name="ValidatePageHeadingTest" classname="com.letcode.testcases.HomePageTests" time="0.061">
    <system-err><![CDATA[[main] INFO io.github.bonigarcia.wdm.WebDriverManager - Using chromedriver 141.0.7390.122 (resolved driver for Chrome 141)
[main] INFO io.github.bonigarcia.wdm.WebDriverManager - Exporting webdriver.chrome.driver as C:\Users\dell\.cache\selenium\chromedriver\win64\141.0.7390.122\chromedriver.exe
Oct 24, 2025 7:29:30 PM org.openqa.selenium.devtools.CdpVersionFinder findNearestMatch
WARNING: Unable to find an exact match for CDP version 141, returning the closest version; found: 139; Please update to a Selenium version that supports CDP version 141
]]></system-err>
  </testcase>
  <testcase name="ValidatingPageTitleTest" classname="com.letcode.testcases.HomePageTests" time="0.016">
    <system-out><![CDATA[Getting page title
Page title is: LetCode with Koushik
]]></system-out>
    <system-err><![CDATA[[main] INFO io.github.bonigarcia.wdm.WebDriverManager - Using chromedriver 141.0.7390.122 (resolved driver for Chrome 141)
[main] INFO io.github.bonigarcia.wdm.WebDriverManager - Exporting webdriver.chrome.driver as C:\Users\dell\.cache\selenium\chromedriver\win64\141.0.7390.122\chromedriver.exe
Oct 24, 2025 7:29:34 PM org.openqa.selenium.devtools.CdpVersionFinder findNearestMatch
WARNING: Unable to find an exact match for CDP version 141, returning the closest version; found: 139; Please update to a Selenium version that supports CDP version 141
]]></system-err>
  </testcase>
  <testcase name="LoginWithValidCredentialsTest" classname="com.letcode.testcases.LoginTest" time="3.013">
    <system-out><![CDATA[Trying to click: [[ChromeDriver: chrome on windows (c8cb0489b46a5e4789c31d31971a0b34)] -> xpath: //a[@class='navbar-item' and contains(text(),'Work-Space')]]
Clicked on: [[ChromeDriver: chrome on windows (c8cb0489b46a5e4789c31d31971a0b34)] -> xpath: //a[@class='navbar-item' and contains(text(),'Work-Space')]]
Trying to click: [[ChromeDriver: chrome on windows (c8cb0489b46a5e4789c31d31971a0b34)] -> xpath: //a[@class='card-footer-item' and contains(text(),' Page Object Model ')]]
Clicked on: [[ChromeDriver: chrome on windows (c8cb0489b46a5e4789c31d31971a0b34)] -> xpath: //a[@class='card-footer-item' and contains(text(),' Page Object Model ')]]
Trying to click: [[ChromeDriver: chrome on windows (c8cb0489b46a5e4789c31d31971a0b34)] -> xpath: //i[@class='fas fa-user']]
Clicked on: [[ChromeDriver: chrome on windows (c8cb0489b46a5e4789c31d31971a0b34)] -> xpath: //i[@class='fas fa-user']]
Trying to click: [[ChromeDriver: chrome on windows (c8cb0489b46a5e4789c31d31971a0b34)] -> xpath: //button[contains(@class,'button ') and contains(text(),'Login')]]
Clicked on: [[ChromeDriver: chrome on windows (c8cb0489b46a5e4789c31d31971a0b34)] -> xpath: //button[contains(@class,'button ') and contains(text(),'Login')]]
]]></system-out>
    <system-err><![CDATA[[main] INFO io.github.bonigarcia.wdm.WebDriverManager - Using chromedriver 141.0.7390.122 (resolved driver for Chrome 141)
[main] INFO io.github.bonigarcia.wdm.WebDriverManager - Exporting webdriver.chrome.driver as C:\Users\dell\.cache\selenium\chromedriver\win64\141.0.7390.122\chromedriver.exe
Oct 24, 2025 7:29:38 PM org.openqa.selenium.devtools.CdpVersionFinder findNearestMatch
WARNING: Unable to find an exact match for CDP version 141, returning the closest version; found: 139; Please update to a Selenium version that supports CDP version 141
]]></system-err>
  </testcase>
  <testcase name="LoginWithInvalidCredentialsTest" classname="com.letcode.testcases.LoginTest" time="2.491">
    <system-out><![CDATA[Trying to click: [[ChromeDriver: chrome on windows (8cd12c7643bbcb419791ee2020569079)] -> xpath: //a[@class='navbar-item' and contains(text(),'Work-Space')]]
Clicked on: [[ChromeDriver: chrome on windows (8cd12c7643bbcb419791ee2020569079)] -> xpath: //a[@class='navbar-item' and contains(text(),'Work-Space')]]
Trying to click: [[ChromeDriver: chrome on windows (8cd12c7643bbcb419791ee2020569079)] -> xpath: //a[@class='card-footer-item' and contains(text(),' Page Object Model ')]]
Clicked on: [[ChromeDriver: chrome on windows (8cd12c7643bbcb419791ee2020569079)] -> xpath: //a[@class='card-footer-item' and contains(text(),' Page Object Model ')]]
Trying to click: [[ChromeDriver: chrome on windows (8cd12c7643bbcb419791ee2020569079)] -> xpath: //i[@class='fas fa-user']]
Clicked on: [[ChromeDriver: chrome on windows (8cd12c7643bbcb419791ee2020569079)] -> xpath: //i[@class='fas fa-user']]
Trying to click: [[ChromeDriver: chrome on windows (8cd12c7643bbcb419791ee2020569079)] -> xpath: //button[contains(@class,'button ') and contains(text(),'Login')]]
Clicked on: [[ChromeDriver: chrome on windows (8cd12c7643bbcb419791ee2020569079)] -> xpath: //button[contains(@class,'button ') and contains(text(),'Login')]]
]]></system-out>
    <system-err><![CDATA[[main] INFO io.github.bonigarcia.wdm.WebDriverManager - Using chromedriver 141.0.7390.122 (resolved driver for Chrome 141)
[main] INFO io.github.bonigarcia.wdm.WebDriverManager - Exporting webdriver.chrome.driver as C:\Users\dell\.cache\selenium\chromedriver\win64\141.0.7390.122\chromedriver.exe
Oct 24, 2025 7:29:49 PM org.openqa.selenium.devtools.CdpVersionFinder findNearestMatch
WARNING: Unable to find an exact match for CDP version 141, returning the closest version; found: 139; Please update to a Selenium version that supports CDP version 141
]]></system-err>
  </testcase>
  <testcase name="LetcodeLogoVisiblity" classname="com.letcode.testcases.LoginTest" time="0.048">
    <system-err><![CDATA[[main] INFO io.github.bonigarcia.wdm.WebDriverManager - Using chromedriver 141.0.7390.122 (resolved driver for Chrome 141)
[main] INFO io.github.bonigarcia.wdm.WebDriverManager - Exporting webdriver.chrome.driver as C:\Users\dell\.cache\selenium\chromedriver\win64\141.0.7390.122\chromedriver.exe
Oct 24, 2025 7:29:54 PM org.openqa.selenium.devtools.CdpVersionFinder findNearestMatch
WARNING: Unable to find an exact match for CDP version 141, returning the closest version; found: 139; Please update to a Selenium version that supports CDP version 141
]]></system-err>
  </testcase>
</testsuite>