<?xml version="1.0" encoding="UTF-8"?>
<testng-results ignored="1" total="2" passed="1" failed="0" skipped="0">
  <reporter-output>
  </reporter-output>
  <suite started-at="2025-10-25T14:08:51 IST" name="Default suite" finished-at="2025-10-25T14:08:58 IST" duration-ms="6926">
    <groups>
    </groups>
    <test started-at="2025-10-25T14:08:51 IST" name="Default test" finished-at="2025-10-25T14:08:58 IST" duration-ms="6926">
      <class name="com.letcode.testcases.ButtonPageTest">
        <test-method is-config="true" signature="setup()[pri:0, instance:com.letcode.testcases.ButtonPageTest@4d1c00d0]" started-at="2025-10-25T14:08:51 IST" name="setup" finished-at="2025-10-25T14:08:57 IST" duration-ms="6108" status="PASS">
          <reporter-output>
          </reporter-output>
        </test-method> <!-- setup -->
        <test-method signature="verifyFindLocationButton()[pri:2, instance:com.letcode.testcases.ButtonPageTest@4d1c00d0]" started-at="2025-10-25T14:08:57 IST" name="verifyFindLocationButton" finished-at="2025-10-25T14:08:58 IST" duration-ms="528" status="PASS">
          <reporter-output>
          </reporter-output>
        </test-method> <!-- verifyFindLocationButton -->
        <test-method is-config="true" signature="TearDown()[pri:0, instance:com.letcode.testcases.ButtonPageTest@4d1c00d0]" started-at="2025-10-25T14:08:58 IST" name="TearDown" finished-at="2025-10-25T14:08:58 IST" duration-ms="219" status="PASS">
          <reporter-output>
          </reporter-output>
        </test-method> <!-- TearDown -->
      </class> <!-- com.letcode.testcases.ButtonPageTest -->
    </test> <!-- Default test -->
  </suite> <!-- Default suite -->
</testng-results>
